[2017-04-05 03:08:30] production.ERROR: exception 'RuntimeException' with message 'The only supported ciphers are AES-128-CBC and AES-256-CBC with the correct key lengths.' in C:\Users\Chris Dare\edu\internet-enabled\task_app\bootstrap\cache\compiled.php:13520
Stack trace:
#0 C:\Users\Chris Dare\edu\internet-enabled\task_app\bootstrap\cache\compiled.php(7927): Illuminate\Encryption\Encrypter->__construct(NULL, 'AES-256-CBC')
#1 C:\Users\Chris Dare\edu\internet-enabled\task_app\bootstrap\cache\compiled.php(1477): Illuminate\Encryption\EncryptionServiceProvider->Illuminate\Encryption\{closure}(Object(Illuminate\Foundation\Application), Array)
#2 C:\Users\Chris Dare\edu\internet-enabled\task_app\bootstrap\cache\compiled.php(1433): Illuminate\Container\Container->build(Object(Closure), Array)
#3 C:\Users\Chris Dare\edu\internet-enabled\task_app\bootstrap\cache\compiled.php(2011): Illuminate\Container\Container->make('encrypter', Array)
#4 C:\Users\Chris Dare\edu\internet-enabled\task_app\bootstrap\cache\compiled.php(1534): Illuminate\Foundation\Application->make('Illuminate\\Cont...')
#5 C:\Users\Chris Dare\edu\internet-enabled\task_app\bootstrap\cache\compiled.php(1511): Illuminate\Container\Container->resolveClass(Object(ReflectionParameter))
#6 C:\Users\Chris Dare\edu\internet-enabled\task_app\bootstrap\cache\compiled.php(1497): Illuminate\Container\Container->getDependencies(Array, Array)
#7 C:\Users\Chris Dare\edu\internet-enabled\task_app\bootstrap\cache\compiled.php(1433): Illuminate\Container\Container->build('App\\Http\\Middle...', Array)
#8 C:\Users\Chris Dare\edu\internet-enabled\task_app\bootstrap\cache\compiled.php(2011): Illuminate\Container\Container->make('App\\Http\\Middle...', Array)
#9 C:\Users\Chris Dare\edu\internet-enabled\task_app\bootstrap\cache\compiled.php(10064): Illuminate\Foundation\Application->make('App\\Http\\Middle...')
#10 C:\Users\Chris Dare\edu\internet-enabled\task_app\vendor\laravel\framework\src\Illuminate\Routing\Pipeline.php(33): Illuminate\Pipeline\Pipeline->Illuminate\Pipeline\{closure}(Object(Illuminate\Http\Request))
#11 C:\Users\Chris Dare\edu\internet-enabled\task_app\bootstrap\cache\compiled.php(10054): Illuminate\Routing\Pipeline->Illuminate\Routing\{closure}(Object(Illuminate\Http\Request))
#12 C:\Users\Chris Dare\edu\internet-enabled\task_app\bootstrap\cache\compiled.php(8356): Illuminate\Pipeline\Pipeline->then(Object(Closure))
#13 C:\Users\Chris Dare\edu\internet-enabled\task_app\bootstrap\cache\compiled.php(8347): Illuminate\Routing\Router->runRouteWithinStack(Object(Illuminate\Routing\Route), Object(Illuminate\Http\Request))
#14 C:\Users\Chris Dare\edu\internet-enabled\task_app\bootstrap\cache\compiled.php(8338): Illuminate\Routing\Router->dispatchToRoute(Object(Illuminate\Http\Request))
#15 C:\Users\Chris Dare\edu\internet-enabled\task_app\bootstrap\cache\compiled.php(2575): Illuminate\Routing\Router->dispatch(Object(Illuminate\Http\Request))
#16 C:\Users\Chris Dare\edu\internet-enabled\task_app\vendor\laravel\framework\src\Illuminate\Routing\Pipeline.php(53): Illuminate\Foundation\Http\Kernel->Illuminate\Foundation\Http\{closure}(Object(Illuminate\Http\Request))
#17 C:\Users\Chris Dare\edu\internet-enabled\task_app\bootstrap\cache\compiled.php(3374): Illuminate\Routing\Pipeline->Illuminate\Routing\{closure}(Object(Illuminate\Http\Request))
#18 C:\Users\Chris Dare\edu\internet-enabled\task_app\bootstrap\cache\compiled.php(10069): Illuminate\Foundation\Http\Middleware\CheckForMaintenanceMode->handle(Object(Illuminate\Http\Request), Object(Closure))
#19 C:\Users\Chris Dare\edu\internet-enabled\task_app\vendor\laravel\framework\src\Illuminate\Routing\Pipeline.php(33): Illuminate\Pipeline\Pipeline->Illuminate\Pipeline\{closure}(Object(Illuminate\Http\Request))
#20 C:\Users\Chris Dare\edu\internet-enabled\task_app\bootstrap\cache\compiled.php(10054): Illuminate\Routing\Pipeline->Illuminate\Routing\{closure}(Object(Illuminate\Http\Request))
#21 C:\Users\Chris Dare\edu\internet-enabled\task_app\bootstrap\cache\compiled.php(2519): Illuminate\Pipeline\Pipeline->then(Object(Closure))
#22 C:\Users\Chris Dare\edu\internet-enabled\task_app\bootstrap\cache\compiled.php(2503): Illuminate\Foundation\Http\Kernel->sendRequestThroughRouter(Object(Illuminate\Http\Request))
#23 C:\Users\Chris Dare\edu\internet-enabled\task_app\public\index.php(54): Illuminate\Foundation\Http\Kernel->handle(Object(Illuminate\Http\Request))
#24 C:\Users\Chris Dare\edu\internet-enabled\task_app\server.php(21): require_once('C:\\Users\\Chris ...')
#25 {main}  
[2017-04-05 03:08:30] production.ERROR: exception 'RuntimeException' with message 'The only supported ciphers are AES-128-CBC and AES-256-CBC with the correct key lengths.' in C:\Users\Chris Dare\edu\internet-enabled\task_app\bootstrap\cache\compiled.php:13520
Stack trace:
#0 C:\Users\Chris Dare\edu\internet-enabled\task_app\bootstrap\cache\compiled.php(7927): Illuminate\Encryption\Encrypter->__construct(NULL, 'AES-256-CBC')
#1 C:\Users\Chris Dare\edu\internet-enabled\task_app\bootstrap\cache\compiled.php(1477): Illuminate\Encryption\EncryptionServiceProvider->Illuminate\Encryption\{closure}(Object(Illuminate\Foundation\Application), Array)
#2 C:\Users\Chris Dare\edu\internet-enabled\task_app\bootstrap\cache\compiled.php(1433): Illuminate\Container\Container->build(Object(Closure), Array)
#3 C:\Users\Chris Dare\edu\internet-enabled\task_app\bootstrap\cache\compiled.php(2011): Illuminate\Container\Container->make('encrypter', Array)
#4 C:\Users\Chris Dare\edu\internet-enabled\task_app\bootstrap\cache\compiled.php(1534): Illuminate\Foundation\Application->make('Illuminate\\Cont...')
#5 C:\Users\Chris Dare\edu\internet-enabled\task_app\bootstrap\cache\compiled.php(1511): Illuminate\Container\Container->resolveClass(Object(ReflectionParameter))
#6 C:\Users\Chris Dare\edu\internet-enabled\task_app\bootstrap\cache\compiled.php(1497): Illuminate\Container\Container->getDependencies(Array, Array)
#7 C:\Users\Chris Dare\edu\internet-enabled\task_app\bootstrap\cache\compiled.php(1433): Illuminate\Container\Container->build('App\\Http\\Middle...', Array)
#8 C:\Users\Chris Dare\edu\internet-enabled\task_app\bootstrap\cache\compiled.php(2011): Illuminate\Container\Container->make('App\\Http\\Middle...', Array)
#9 C:\Users\Chris Dare\edu\internet-enabled\task_app\bootstrap\cache\compiled.php(2529): Illuminate\Foundation\Application->make('App\\Http\\Middle...')
#10 C:\Users\Chris Dare\edu\internet-enabled\task_app\public\index.php(58): Illuminate\Foundation\Http\Kernel->terminate(Object(Illuminate\Http\Request), Object(Illuminate\Http\Response))
#11 C:\Users\Chris Dare\edu\internet-enabled\task_app\server.php(21): require_once('C:\\Users\\Chris ...')
#12 {main}  
[2017-04-05 03:12:52] local.ERROR: exception 'RuntimeException' with message 'The only supported ciphers are AES-128-CBC and AES-256-CBC with the correct key lengths.' in C:\Users\Chris Dare\edu\internet-enabled\task_app\bootstrap\cache\compiled.php:13520
Stack trace:
#0 C:\Users\Chris Dare\edu\internet-enabled\task_app\bootstrap\cache\compiled.php(7927): Illuminate\Encryption\Encrypter->__construct('', 'AES-256-CBC')
#1 C:\Users\Chris Dare\edu\internet-enabled\task_app\bootstrap\cache\compiled.php(1477): Illuminate\Encryption\EncryptionServiceProvider->Illuminate\Encryption\{closure}(Object(Illuminate\Foundation\Application), Array)
#2 C:\Users\Chris Dare\edu\internet-enabled\task_app\bootstrap\cache\compiled.php(1433): Illuminate\Container\Container->build(Object(Closure), Array)
#3 C:\Users\Chris Dare\edu\internet-enabled\task_app\bootstrap\cache\compiled.php(2011): Illuminate\Container\Container->make('encrypter', Array)
#4 C:\Users\Chris Dare\edu\internet-enabled\task_app\bootstrap\cache\compiled.php(1534): Illuminate\Foundation\Application->make('Illuminate\\Cont...')
#5 C:\Users\Chris Dare\edu\internet-enabled\task_app\bootstrap\cache\compiled.php(1511): Illuminate\Container\Container->resolveClass(Object(ReflectionParameter))
#6 C:\Users\Chris Dare\edu\internet-enabled\task_app\bootstrap\cache\compiled.php(1497): Illuminate\Container\Container->getDependencies(Array, Array)
#7 C:\Users\Chris Dare\edu\internet-enabled\task_app\bootstrap\cache\compiled.php(1433): Illuminate\Container\Container->build('App\\Http\\Middle...', Array)
#8 C:\Users\Chris Dare\edu\internet-enabled\task_app\bootstrap\cache\compiled.php(2011): Illuminate\Container\Container->make('App\\Http\\Middle...', Array)
#9 C:\Users\Chris Dare\edu\internet-enabled\task_app\bootstrap\cache\compiled.php(10064): Illuminate\Foundation\Application->make('App\\Http\\Middle...')
#10 C:\Users\Chris Dare\edu\internet-enabled\task_app\vendor\laravel\framework\src\Illuminate\Routing\Pipeline.php(33): Illuminate\Pipeline\Pipeline->Illuminate\Pipeline\{closure}(Object(Illuminate\Http\Request))
#11 C:\Users\Chris Dare\edu\internet-enabled\task_app\bootstrap\cache\compiled.php(10054): Illuminate\Routing\Pipeline->Illuminate\Routing\{closure}(Object(Illuminate\Http\Request))
#12 C:\Users\Chris Dare\edu\internet-enabled\task_app\bootstrap\cache\compiled.php(8356): Illuminate\Pipeline\Pipeline->then(Object(Closure))
#13 C:\Users\Chris Dare\edu\internet-enabled\task_app\bootstrap\cache\compiled.php(8347): Illuminate\Routing\Router->runRouteWithinStack(Object(Illuminate\Routing\Route), Object(Illuminate\Http\Request))
#14 C:\Users\Chris Dare\edu\internet-enabled\task_app\bootstrap\cache\compiled.php(8338): Illuminate\Routing\Router->dispatchToRoute(Object(Illuminate\Http\Request))
#15 C:\Users\Chris Dare\edu\internet-enabled\task_app\bootstrap\cache\compiled.php(2575): Illuminate\Routing\Router->dispatch(Object(Illuminate\Http\Request))
#16 C:\Users\Chris Dare\edu\internet-enabled\task_app\vendor\laravel\framework\src\Illuminate\Routing\Pipeline.php(53): Illuminate\Foundation\Http\Kernel->Illuminate\Foundation\Http\{closure}(Object(Illuminate\Http\Request))
#17 C:\Users\Chris Dare\edu\internet-enabled\task_app\bootstrap\cache\compiled.php(3374): Illuminate\Routing\Pipeline->Illuminate\Routing\{closure}(Object(Illuminate\Http\Request))
#18 C:\Users\Chris Dare\edu\internet-enabled\task_app\bootstrap\cache\compiled.php(10069): Illuminate\Foundation\Http\Middleware\CheckForMaintenanceMode->handle(Object(Illuminate\Http\Request), Object(Closure))
#19 C:\Users\Chris Dare\edu\internet-enabled\task_app\vendor\laravel\framework\src\Illuminate\Routing\Pipeline.php(33): Illuminate\Pipeline\Pipeline->Illuminate\Pipeline\{closure}(Object(Illuminate\Http\Request))
#20 C:\Users\Chris Dare\edu\internet-enabled\task_app\bootstrap\cache\compiled.php(10054): Illuminate\Routing\Pipeline->Illuminate\Routing\{closure}(Object(Illuminate\Http\Request))
#21 C:\Users\Chris Dare\edu\internet-enabled\task_app\bootstrap\cache\compiled.php(2519): Illuminate\Pipeline\Pipeline->then(Object(Closure))
#22 C:\Users\Chris Dare\edu\internet-enabled\task_app\bootstrap\cache\compiled.php(2503): Illuminate\Foundation\Http\Kernel->sendRequestThroughRouter(Object(Illuminate\Http\Request))
#23 C:\Users\Chris Dare\edu\internet-enabled\task_app\public\index.php(54): Illuminate\Foundation\Http\Kernel->handle(Object(Illuminate\Http\Request))
#24 C:\Users\Chris Dare\edu\internet-enabled\task_app\server.php(21): require_once('C:\\Users\\Chris ...')
#25 {main}  
[2017-04-05 03:12:52] local.ERROR: exception 'RuntimeException' with message 'The only supported ciphers are AES-128-CBC and AES-256-CBC with the correct key lengths.' in C:\Users\Chris Dare\edu\internet-enabled\task_app\bootstrap\cache\compiled.php:13520
Stack trace:
#0 C:\Users\Chris Dare\edu\internet-enabled\task_app\bootstrap\cache\compiled.php(7927): Illuminate\Encryption\Encrypter->__construct('', 'AES-256-CBC')
#1 C:\Users\Chris Dare\edu\internet-enabled\task_app\bootstrap\cache\compiled.php(1477): Illuminate\Encryption\EncryptionServiceProvider->Illuminate\Encryption\{closure}(Object(Illuminate\Foundation\Application), Array)
#2 C:\Users\Chris Dare\edu\internet-enabled\task_app\bootstrap\cache\compiled.php(1433): Illuminate\Container\Container->build(Object(Closure), Array)
#3 C:\Users\Chris Dare\edu\internet-enabled\task_app\bootstrap\cache\compiled.php(2011): Illuminate\Container\Container->make('encrypter', Array)
#4 C:\Users\Chris Dare\edu\internet-enabled\task_app\bootstrap\cache\compiled.php(1534): Illuminate\Foundation\Application->make('Illuminate\\Cont...')
#5 C:\Users\Chris Dare\edu\internet-enabled\task_app\bootstrap\cache\compiled.php(1511): Illuminate\Container\Container->resolveClass(Object(ReflectionParameter))
#6 C:\Users\Chris Dare\edu\internet-enabled\task_app\bootstrap\cache\compiled.php(1497): Illuminate\Container\Container->getDependencies(Array, Array)
#7 C:\Users\Chris Dare\edu\internet-enabled\task_app\bootstrap\cache\compiled.php(1433): Illuminate\Container\Container->build('App\\Http\\Middle...', Array)
#8 C:\Users\Chris Dare\edu\internet-enabled\task_app\bootstrap\cache\compiled.php(2011): Illuminate\Container\Container->make('App\\Http\\Middle...', Array)
#9 C:\Users\Chris Dare\edu\internet-enabled\task_app\bootstrap\cache\compiled.php(2529): Illuminate\Foundation\Application->make('App\\Http\\Middle...')
#10 C:\Users\Chris Dare\edu\internet-enabled\task_app\public\index.php(58): Illuminate\Foundation\Http\Kernel->terminate(Object(Illuminate\Http\Request), Object(Illuminate\Http\Response))
#11 C:\Users\Chris Dare\edu\internet-enabled\task_app\server.php(21): require_once('C:\\Users\\Chris ...')
#12 {main}  
